<?xml version="1.0" encoding="UTF-8"?>
<!-- Generated by org.testng.reporters.JUnitReportReporter -->
<testsuite hostname="DESKTOP-MPID5RN" failures="0" tests="2" name="com.nopCommerceV2.testCases.TC_EditDeleteCustomer_006" time="23.793" errors="0" timestamp="17 Dec 2018 23:03:18 GMT" skipped="0">
  <testcase classname="com.nopCommerceV2.testCases.TC_EditDeleteCustomer_006" name="editTest" time="13.586"/>
  <testcase classname="com.nopCommerceV2.testCases.TC_EditDeleteCustomer_006" name="deleteTest" time="10.207"/>
</testsuite> <!-- com.nopCommerceV2.testCases.TC_EditDeleteCustomer_006 -->
