<?xml version="1.0" encoding="UTF-8"?>
<!-- Generated by org.testng.reporters.JUnitReportReporter -->
<testsuite hostname="DESKTOP-MPID5RN" failures="0" tests="3" name="com.nopCommerceV2.testCases.TC_Search_004" time="32.221" errors="0" timestamp="17 Dec 2018 01:07:40 GMT" skipped="0">
  <testcase classname="com.nopCommerceV2.testCases.TC_Search_004" name="searchTest1" time="14.907"/>
  <testcase classname="com.nopCommerceV2.testCases.TC_Search_004" name="searchTest2" time="8.660"/>
  <testcase classname="com.nopCommerceV2.testCases.TC_Search_004" name="searchTest3" time="8.654"/>
</testsuite> <!-- com.nopCommerceV2.testCases.TC_Search_004 -->
