<?xml version="1.0" encoding="UTF-8"?>
<!-- Generated by org.testng.reporters.JUnitReportReporter -->
<testsuite hostname="DESKTOP-MPID5RN" failures="0" tests="1" name="com.nopCommerceV2.testCases.TC_LoginTest_001" time="11.580" errors="0" timestamp="15 Dec 2018 22:01:46 GMT" skipped="0">
  <testcase classname="com.nopCommerceV2.testCases.TC_LoginTest_001" name="loginTest" time="11.580"/>
</testsuite> <!-- com.nopCommerceV2.testCases.TC_LoginTest_001 -->
