<?xml version="1.0" encoding="UTF-8"?>
<!-- Generated by org.testng.reporters.JUnitReportReporter -->
<testsuite hostname="DESKTOP-MPID5RN" failures="0" tests="1" name="com.nopCommerceV2.testCases.TC_AddCustomerTest_003" time="24.147" errors="0" timestamp="15 Dec 2018 22:36:01 GMT" skipped="0">
  <testcase classname="com.nopCommerceV2.testCases.TC_AddCustomerTest_003" name="addNewCustomer" time="24.147"/>
</testsuite> <!-- com.nopCommerceV2.testCases.TC_AddCustomerTest_003 -->
